<?xml version="1.0" encoding="UTF-8"?>
<testsuite name="ru.ac.uniyar.testingcourse.LinkedBlockingDequeTest" tests="4" skipped="0" failures="0" errors="0" timestamp="2021-06-08T13:51:56" hostname="DESKTOP-GAE8TMM" time="0.073">
  <properties/>
  <testcase name="OfferFirstFullDeque()" classname="ru.ac.uniyar.testingcourse.LinkedBlockingDequeTest" time="0.066"/>
  <testcase name="drainToHimself()" classname="ru.ac.uniyar.testingcourse.LinkedBlockingDequeTest" time="0.004"/>
  <testcase name="drainToNormalArray()" classname="ru.ac.uniyar.testingcourse.LinkedBlockingDequeTest" time="0.001"/>
  <testcase name="OfferFirstNotFullDeque()" classname="ru.ac.uniyar.testingcourse.LinkedBlockingDequeTest" time="0.001"/>
  <system-out><![CDATA[]]></system-out>
  <system-err><![CDATA[]]></system-err>
</testsuite>
