<?xml version="1.0" encoding="UTF-8"?>
<testsuite name="com.practicalunittesting.chp05.types.MessengerTest" tests="1" skipped="0" failures="0" errors="0" timestamp="2021-05-31T11:00:17" hostname="PC210-22" time="0.372">
  <properties/>
  <testcase name="testIntegration()" classname="com.practicalunittesting.chp05.types.MessengerTest" time="0.372"/>
  <system-out><![CDATA[]]></system-out>
  <system-err><![CDATA[]]></system-err>
</testsuite>
